* using log directory 'C:/Users/federico.munyoz/Documents/Stima/Tasacion.Rcheck'
* using R version 3.1.2 (2014-10-31)
* using platform: x86_64-w64-mingw32 (64-bit)
* using session charset: ISO8859-1
* checking for file 'Tasacion/DESCRIPTION' ... OK
* checking extension type ... Package
* this is package 'Tasacion' version '1.1'
* package encoding: latin1
* checking package namespace information ... OK
* checking package dependencies ... OK
* checking if this is a source package ... OK
* checking if there is a namespace ... OK
* checking for executable files ... OK
* checking for hidden files and directories ... OK
* checking for portable file names ... OK
* checking whether package 'Tasacion' can be installed ... OK
* checking installed package size ... OK
* checking package directory ... OK
* checking DESCRIPTION meta-information ... WARNING
Non-standard license specification:
  ---
Standardizable: FALSE
* checking top-level files ... OK
* checking for left-over files ... OK
* checking index information ... OK
* checking package subdirectories ... OK
* checking R files for non-ASCII characters ... OK
* checking R files for syntax errors ... OK
* checking whether the package can be loaded ... OK
* checking whether the package can be loaded with stated dependencies ... OK
* checking whether the package can be unloaded cleanly ... OK
* checking whether the namespace can be loaded with stated dependencies ... OK
* checking whether the namespace can be unloaded cleanly ... OK
* checking loading without being on the library search path ... OK
* checking dependencies in R code ... OK
* checking S3 generic/method consistency ... OK
* checking replacement functions ... OK
* checking foreign function calls ... OK
* checking R code for possible problems ... NOTE
CorreccionPorOtrasVariables: no visible binding for global variable
  'Tipologia'
CorreccionPorOtrasVariables: no visible binding for global variable
  'Tipo'
ObtieneDatos: no visible binding for global variable 'Tipologia'
ObtieneDatos: no visible binding for global variable 'Tipo'
ObtieneDatosDelModelo: no visible binding for global variable 'Tipo'
Tasacion: no visible binding for global variable 'Tipo'
* checking Rd files ... WARNING
prepare_Rd: CorreccionPorOtrasVariables.Rd:20: Dropping empty section \keyword
prepare_Rd: CorreccionPorOtrasVariables.Rd:21: Dropping empty section \keyword
prepare_Rd: CorreccionPorOtrasVariables.Rd:14: Dropping empty section \details
prepare_Rd: CorreccionPorOtrasVariables.Rd:18: Dropping empty section \note
prepare_Rd: CorreccionPorOtrasVariables.Rd:17: Dropping empty section \author
prepare_Rd: CorreccionPorOtrasVariables.Rd:16: Dropping empty section \references
prepare_Rd: CorreccionPorOtrasVariables.Rd:19: Dropping empty section \examples
prepare_Rd: GrabarTasacion.Rd:21: Dropping empty section \keyword
prepare_Rd: GrabarTasacion.Rd:22: Dropping empty section \keyword
prepare_Rd: GrabarTasacion.Rd:14: Dropping empty section \details
prepare_Rd: GrabarTasacion.Rd:18: Dropping empty section \note
prepare_Rd: GrabarTasacion.Rd:17: Dropping empty section \author
prepare_Rd: GrabarTasacion.Rd:16: Dropping empty section \references
prepare_Rd: GrabarTasacion.Rd:19: Dropping empty section \seealso
prepare_Rd: GrabarTasacion.Rd:20: Dropping empty section \examples
prepare_Rd: LeerArchivos.Rd:27: Dropping empty section \keyword
prepare_Rd: LeerArchivos.Rd:28: Dropping empty section \keyword
prepare_Rd: LeerArchivos.Rd:14: Dropping empty section \details
prepare_Rd: LeerArchivos.Rd:15: Dropping empty section \value
prepare_Rd: LeerArchivos.Rd:18: Dropping empty section \note
prepare_Rd: LeerArchivos.Rd:17: Dropping empty section \author
prepare_Rd: LeerArchivos.Rd:16: Dropping empty section \references
prepare_Rd: LeerArchivos.Rd:22: Dropping empty section \seealso
prepare_Rd: LeerArchivos.Rd:23: Dropping empty section \examples
prepare_Rd: ObtieneDatosDelModelo.Rd:24: Dropping empty section \keyword
prepare_Rd: ObtieneDatosDelModelo.Rd:25: Dropping empty section \keyword
prepare_Rd: ObtieneDatosDelModelo.Rd:14: Dropping empty section \details
prepare_Rd: ObtieneDatosDelModelo.Rd:15: Dropping empty section \value
prepare_Rd: ObtieneDatosDelModelo.Rd:18: Dropping empty section \note
prepare_Rd: ObtieneDatosDelModelo.Rd:17: Dropping empty section \author
prepare_Rd: ObtieneDatosDelModelo.Rd:16: Dropping empty section \references
prepare_Rd: ObtieneDatosDelModelo.Rd:22: Dropping empty section \seealso
prepare_Rd: ObtieneDatosDelModelo.Rd:23: Dropping empty section \examples
prepare_Rd: ObtieneOtrasVariables.Rd:22: Dropping empty section \keyword
prepare_Rd: ObtieneOtrasVariables.Rd:23: Dropping empty section \keyword
prepare_Rd: ObtieneOtrasVariables.Rd:12: Dropping empty section \details
prepare_Rd: ObtieneOtrasVariables.Rd:13: Dropping empty section \value
prepare_Rd: ObtieneOtrasVariables.Rd:16: Dropping empty section \note
prepare_Rd: ObtieneOtrasVariables.Rd:15: Dropping empty section \author
prepare_Rd: ObtieneOtrasVariables.Rd:14: Dropping empty section \references
prepare_Rd: ObtieneOtrasVariables.Rd:20: Dropping empty section \seealso
prepare_Rd: ObtieneOtrasVariables.Rd:21: Dropping empty section \examples
prepare_Rd: SeleccionarOtrasVariables.Rd:24: Dropping empty section \keyword
prepare_Rd: SeleccionarOtrasVariables.Rd:25: Dropping empty section \keyword
prepare_Rd: SeleccionarOtrasVariables.Rd:5: Dropping empty section \description
prepare_Rd: SeleccionarOtrasVariables.Rd:14: Dropping empty section \details
prepare_Rd: SeleccionarOtrasVariables.Rd:15: Dropping empty section \value
prepare_Rd: SeleccionarOtrasVariables.Rd:18: Dropping empty section \note
prepare_Rd: SeleccionarOtrasVariables.Rd:17: Dropping empty section \author
prepare_Rd: SeleccionarOtrasVariables.Rd:16: Dropping empty section \references
prepare_Rd: SeleccionarOtrasVariables.Rd:22: Dropping empty section \seealso
prepare_Rd: SeleccionarOtrasVariables.Rd:23: Dropping empty section \examples
checkRd: (5) SeleccionarOtrasVariables.Rd:0-26: Must have a \description
prepare_Rd: SeleccionarVariables.Rd:27: Dropping empty section \keyword
prepare_Rd: SeleccionarVariables.Rd:28: Dropping empty section \keyword
prepare_Rd: SeleccionarVariables.Rd:17: Dropping empty section \details
prepare_Rd: SeleccionarVariables.Rd:18: Dropping empty section \value
prepare_Rd: SeleccionarVariables.Rd:21: Dropping empty section \note
prepare_Rd: SeleccionarVariables.Rd:20: Dropping empty section \author
prepare_Rd: SeleccionarVariables.Rd:19: Dropping empty section \references
prepare_Rd: SeleccionarVariables.Rd:25: Dropping empty section \seealso
prepare_Rd: SeleccionarVariables.Rd:26: Dropping empty section \examples
prepare_Rd: Tasacion-package.Rd:26: Dropping empty section \references
prepare_Rd: Tasacion-package.Rd:28: Dropping empty section \seealso
prepare_Rd: Tasacion-package.Rd:29: Dropping empty section \examples
prepare_Rd: Tasacion.Rd:57: Dropping empty section \keyword
prepare_Rd: Tasacion.Rd:58: Dropping empty section \keyword
prepare_Rd: Tasacion.Rd:52: Dropping empty section \note
prepare_Rd: Tasacion.Rd:51: Dropping empty section \author
prepare_Rd: Tasacion.Rd:50: Dropping empty section \references
prepare_Rd: Tasacion.Rd:54: Dropping empty section \seealso
prepare_Rd: Tasacion.Rd:56: Dropping empty section \examples
prepare_Rd: TransformarVariables.Rd:24: Dropping empty section \keyword
prepare_Rd: TransformarVariables.Rd:25: Dropping empty section \keyword
prepare_Rd: TransformarVariables.Rd:5-7: Dropping empty section \description
prepare_Rd: TransformarVariables.Rd:15: Dropping empty section \details
prepare_Rd: TransformarVariables.Rd:16: Dropping empty section \value
prepare_Rd: TransformarVariables.Rd:19: Dropping empty section \note
prepare_Rd: TransformarVariables.Rd:18: Dropping empty section \author
prepare_Rd: TransformarVariables.Rd:17: Dropping empty section \references
prepare_Rd: TransformarVariables.Rd:21: Dropping empty section \seealso
prepare_Rd: TransformarVariables.Rd:22: Dropping empty section \examples
checkRd: (5) TransformarVariables.Rd:0-26: Must have a \description
* checking Rd metadata ... WARNING
Rd files with duplicated alias 'Tasacion':
  'Tasacion-package.Rd' 'Tasacion.Rd'
* checking Rd cross-references ... OK
* checking for missing documentation entries ... WARNING
Undocumented code objects:
  'CalcularCalidadTasacion' 'CalcularTasacion' 'ObtieneDatos'
All user-level objects in a package should have documentation entries.
See the chapter 'Writing R documentation files' in the 'Writing R
Extensions' manual.
* checking for code/documentation mismatches ... OK
* checking Rd \usage sections ... OK
* checking Rd contents ... OK
* checking for unstated dependencies in examples ... OK
* checking examples ... NONE
* checking PDF version of manual ... WARNING
LaTeX errors when creating PDF version.
This typically indicates Rd problems.
* checking PDF version of manual without hyperrefs or index ... ERROR
Re-running with no redirection of stdout/stderr.
